<?xml version="1.0" encoding="UTF-8"?>
<robot generator="Robot 3.1.2 (Python 3.8.2 on win32)" generated="20200414 17:42:37.350" rpa="false">
<suite id="s1" name="Login" source="c:\GIT\pagamento_online\tests\login.robot">
<kw name="Inicia Sessao" library="keywords" type="setup">
<kw name="Open Browser" library="SeleniumLibrary">
<doc>Opens a new browser instance to the optional ``url``.</doc>
<arguments>
<arg>${BASE_URL}</arg>
<arg>chrome</arg>
</arguments>
<msg timestamp="20200414 17:42:37.510" level="INFO">Opening browser 'chrome' to base url 'http://pagamentogazin.sabium.info'.</msg>
<status status="PASS" starttime="20200414 17:42:37.510" endtime="20200414 17:42:43.375"></status>
</kw>
<kw name="Set Window Size" library="SeleniumLibrary">
<doc>Sets current windows size to given ``width`` and ``height``.</doc>
<arguments>
<arg>1200</arg>
<arg>800</arg>
</arguments>
<status status="PASS" starttime="20200414 17:42:43.375" endtime="20200414 17:42:47.500"></status>
</kw>
<status status="PASS" starttime="20200414 17:42:37.509" endtime="20200414 17:42:47.500"></status>
</kw>
<test id="s1-t1" name="Login com sucesso">
<kw name="Antes do teste" library="keywords" type="setup">
<kw name="Set Selenium Implicit Wait" library="SeleniumLibrary">
<doc>Sets the implicit wait value used by Selenium.</doc>
<arguments>
<arg>5</arg>
</arguments>
<status status="PASS" starttime="20200414 17:42:47.501" endtime="20200414 17:42:47.502"></status>
</kw>
<status status="PASS" starttime="20200414 17:42:47.501" endtime="20200414 17:42:47.502"></status>
</kw>
<kw name="Dado que acesso o portal de pagamento online" library="keywords">
<kw name="Go To" library="SeleniumLibrary">
<doc>Navigates the current browser window to the provided ``url``.</doc>
<arguments>
<arg>${BASE_URL}</arg>
</arguments>
<msg timestamp="20200414 17:42:47.503" level="INFO">Opening url 'http://pagamentogazin.sabium.info'</msg>
<status status="PASS" starttime="20200414 17:42:47.503" endtime="20200414 17:42:47.842"></status>
</kw>
<kw name="Title Should Be" library="SeleniumLibrary">
<doc>Verifies that the current page title equals ``title``.</doc>
<arguments>
<arg>${TITULO_PAGINA}</arg>
</arguments>
<msg timestamp="20200414 17:42:47.851" level="INFO">Page title is 'Pagamento'.</msg>
<status status="PASS" starttime="20200414 17:42:47.842" endtime="20200414 17:42:47.851"></status>
</kw>
<status status="PASS" starttime="20200414 17:42:47.503" endtime="20200414 17:42:47.851"></status>
</kw>
<kw name="Quando eu informo os dados de acesso" library="keywords">
<arguments>
<arg>12345678909</arg>
<arg>04/05/1982</arg>
</arguments>
<kw name="Wait Until Element Is Visible" library="SeleniumLibrary">
<doc>Waits until the element ``locator`` is visible.</doc>
<arguments>
<arg>${CAMPO_CPF}</arg>
</arguments>
<status status="PASS" starttime="20200414 17:42:47.852" endtime="20200414 17:42:47.876"></status>
</kw>
<kw name="Input Text" library="SeleniumLibrary">
<doc>Types the given ``text`` into the text field identified by ``locator``.</doc>
<arguments>
<arg>${CAMPO_CPF}</arg>
<arg>${cpf}</arg>
<arg>clear=true</arg>
</arguments>
<msg timestamp="20200414 17:42:47.876" level="INFO">Typing text '12345678909' into text field 'id:cpf'.</msg>
<status status="PASS" starttime="20200414 17:42:47.876" endtime="20200414 17:42:47.941"></status>
</kw>
<kw name="Input Text" library="SeleniumLibrary">
<doc>Types the given ``text`` into the text field identified by ``locator``.</doc>
<arguments>
<arg>${CAMPO_DATA}</arg>
<arg>${data}</arg>
<arg>clear=true</arg>
</arguments>
<msg timestamp="20200414 17:42:47.941" level="INFO">Typing text '04/05/1982' into text field 'id:data'.</msg>
<status status="PASS" starttime="20200414 17:42:47.941" endtime="20200414 17:42:48.014"></status>
</kw>
<kw name="Click Element" library="SeleniumLibrary">
<doc>Click the element identified by ``locator``.</doc>
<arguments>
<arg>${BTN_PROSSEGUIR}</arg>
</arguments>
<msg timestamp="20200414 17:42:48.015" level="INFO">Clicking element 'xpath://button[@type='submit']'.</msg>
<status status="PASS" starttime="20200414 17:42:48.014" endtime="20200414 17:42:48.058"></status>
</kw>
<status status="PASS" starttime="20200414 17:42:47.852" endtime="20200414 17:42:48.059"></status>
</kw>
<kw name="Então vejo a tela de listagem de títulos" library="keywords">
<kw name="Wait Until Element Is Visible" library="SeleniumLibrary">
<doc>Waits until the element ``locator`` is visible.</doc>
<arguments>
<arg>${LISTA_TITULOS}</arg>
</arguments>
<kw name="Capture Page Screenshot" library="SeleniumLibrary">
<doc>Takes a screenshot of the current page and embeds it into a log file.</doc>
<msg timestamp="20200414 17:42:53.636" level="INFO" html="yes">&lt;/td&gt;&lt;/tr&gt;&lt;tr&gt;&lt;td colspan="3"&gt;&lt;a href="selenium-screenshot-94.png"&gt;&lt;img src="selenium-screenshot-94.png" width="800px"&gt;&lt;/a&gt;</msg>
<status status="PASS" starttime="20200414 17:42:53.320" endtime="20200414 17:42:53.636"></status>
</kw>
<msg timestamp="20200414 17:42:53.637" level="FAIL">Element 'css:h4.titulo-pagina' not visible after 5 seconds.</msg>
<status status="FAIL" starttime="20200414 17:42:48.059" endtime="20200414 17:42:53.637"></status>
</kw>
<status status="FAIL" starttime="20200414 17:42:48.059" endtime="20200414 17:42:53.637"></status>
</kw>
<kw name="Depois do teste" library="keywords" type="teardown">
<kw name="Capture Page Screenshot" library="SeleniumLibrary">
<doc>Takes a screenshot of the current page and embeds it into a log file.</doc>
<msg timestamp="20200414 17:42:53.939" level="INFO" html="yes">&lt;/td&gt;&lt;/tr&gt;&lt;tr&gt;&lt;td colspan="3"&gt;&lt;a href="selenium-screenshot-95.png"&gt;&lt;img src="selenium-screenshot-95.png" width="800px"&gt;&lt;/a&gt;</msg>
<status status="PASS" starttime="20200414 17:42:53.638" endtime="20200414 17:42:53.939"></status>
</kw>
<status status="PASS" starttime="20200414 17:42:53.638" endtime="20200414 17:42:53.939"></status>
</kw>
<status status="FAIL" starttime="20200414 17:42:47.500" endtime="20200414 17:42:53.940" critical="yes">Element 'css:h4.titulo-pagina' not visible after 5 seconds.</status>
</test>
<kw name="Encerra Sessao" library="keywords" type="teardown">
<kw name="Close Browser" library="SeleniumLibrary">
<doc>Closes the current browser.</doc>
<status status="PASS" starttime="20200414 17:42:53.942" endtime="20200414 17:42:56.080"></status>
</kw>
<status status="PASS" starttime="20200414 17:42:53.942" endtime="20200414 17:42:56.080"></status>
</kw>
<doc>Acessar pagamento online</doc>
<status status="FAIL" starttime="20200414 17:42:37.352" endtime="20200414 17:42:56.080"></status>
</suite>
<statistics>
<total>
<stat pass="0" fail="1">Critical Tests</stat>
<stat pass="0" fail="1">All Tests</stat>
</total>
<tag>
</tag>
<suite>
<stat pass="0" fail="1" id="s1" name="Login">Login</stat>
</suite>
</statistics>
<errors>
</errors>
</robot>
